{"PayloadData1": "Target: OOPS\\OOPS-WORKSTATION_6$", "PayloadData2": "LogonType 3", "PayloadData3": "LogonId: 0X374F6B", "MapDescription": "An account was logged off", "ChunkNumber": 0, "Computer": "OOPS-DC.oops.net", "Payload": "{\"EventData\": {\"Data\": [{\"@Name\": \"TargetUserSid\", \"#text\": \"S-1-5-21-4089973-192385561-2715576154-1106\"}, {\"@Name\": \"TargetUserName\", \"#text\": \"OOPS-WORKSTATION_6$\"}, {\"@Name\": \"TargetDomainName\", \"#text\": \"OOPS\"}, {\"@Name\": \"TargetLogonId\", \"#text\": \"0X374F6B\"}, {\"@Name\": \"LogonType\", \"#text\": \"3\"}]}}", "Channel": "Security", "Provider": "Microsoft-Windows-Security-Auditing", "EventId": 4634, "EventRecordId": "6211", "ProcessId": 665, "ThreadId": 7142, "Level": "LogAlways", "Keywords": "Audit success", "SourceFile": "C:\\Windows\\system32\\winevt\\Logs\\Security.evtx", "ExtraDataOffset": 0, "HiddenRecord": false, "TimeCreated": "2021-03-16T11:52:43.2479646+00:00", "RecordNumber": "6211"}
{"PayloadData1": "Target: OOPS.NET\\OOPS-WORKSTATION_6$@OOPS.NET", "PayloadData2": "ServiceName: OOPS-WORKSTATION_6$", "PayloadData3": "ServiceSid: S-1-5-21-4089973-192385561-2715576154-1106", "PayloadData4": "TicketEncryptionType: AES256-CTS-HMAC-SHA1-96", "PayloadData5": "Status: KDC_ERR_NONE - No error - No errors were found.", "RemoteHost": "::ffff:192.168.90.144:45220", "MapDescription": "A Kerberos service ticket was requested", "ChunkNumber": 0, "Computer": "OOPS-DC.oops.net", "Payload": "{\"EventData\": {\"Data\": [{\"@Name\": \"TargetUserName\", \"#text\": \"OOPS-WORKSTATION_6$@OOPS.NET\"}, {\"@Name\": \"TargetDomainName\", \"#text\": \"OOPS.NET\"}, {\"@Name\": \"ServiceName\", \"#text\": \"OOPS-WORKSTATION_6$\"}, {\"@Name\": \"ServiceSid\", \"#text\": \"S-1-5-21-4089973-192385561-2715576154-1106\"}, {\"@Name\": \"TicketOptions\", \"#text\": \"0x40810000\"}, {\"@Name\": \"TicketEncryptionType\", \"#text\": \"0x12\"}, {\"@Name\": \"IpAddress\", \"#text\": \"::ffff:192.168.90.144\"}, {\"@Name\": \"IpPort\", \"#text\": \"45220\"}, {\"@Name\": \"Status\", \"#text\": \"0x0\"}, {\"@Name\": \"LogonGuid\", \"#text\": \"f4685d5d-c49b-49c2-bf69-b204088ae713\"}, {\"@Name\": \"TransmittedServices\", \"#text\": \"-\"}]}}", "Channel": "Security", "Provider": "Microsoft-Windows-Security-Auditing", "EventId": 4769, "EventRecordId": "6214", "ProcessId": 665, "ThreadId": 4475, "Level": "LogAlways", "Keywords": "Audit success", "SourceFile": "C:\\Windows\\system32\\winevt\\Logs\\Security.evtx", "ExtraDataOffset": 0, "HiddenRecord": false, "TimeCreated": "2021-03-16T11:52:43.3196931+00:00", "RecordNumber": "6214"}
{"PayloadData1": "Target: OOPS.NET\\OOPS-WORKSTATION_6$", "PayloadData2": "LogonType 3", "PayloadData3": "LogonId: 0X374FB1", "UserName": "-\\-", "RemoteHost": "- (192.168.90.144)", "ExecutableInfo": "-", "MapDescription": "Successful logon", "ChunkNumber": 0, "Computer": "OOPS-DC.oops.net", "Payload": "{\"EventData\": {\"Data\": [{\"@Name\": \"SubjectUserSid\", \"#text\": \"S-1-0-0\"}, {\"@Name\": \"SubjectUserName\", \"#text\": \"-\"}, {\"@Name\": \"SubjectDomainName\", \"#text\": \"-\"}, {\"@Name\": \"SubjectLogonId\", \"#text\": \"0x0\"}, {\"@Name\": \"TargetUserSid\", \"#text\": \"S-1-5-21-4089973-192385561-2715576154-1106\"}, {\"@Name\": \"TargetUserName\", \"#text\": \"OOPS-WORKSTATION_6$\"}, {\"@Name\": \"TargetDomainName\", \"#text\": \"OOPS.NET\"}, {\"@Name\": \"TargetLogonId\", \"#text\": \"0X374FB1\"}, {\"@Name\": \"LogonType\", \"#text\": \"3\"}, {\"@Name\": \"LogonProcessName\", \"#text\": \"Kerberos\"}, {\"@Name\": \"AuthenticationPackageName\", \"#text\": \"Kerberos\"}, {\"@Name\": \"WorkstationName\", \"#text\": \"-\"}, {\"@Name\": \"LogonGuid\", \"#text\": \"29f33990-4ac9-4bed-bb07-d69417620a46\"}, {\"@Name\": \"TransmittedServices\", \"#text\": \"-\"}, {\"@Name\": \"LmPackageName\", \"#text\": \"-\"}, {\"@Name\": \"KeyLength\", \"#text\": \"0\"}, {\"@Name\": \"ProcessId\", \"#text\": \"0x0\"}, {\"@Name\": \"ProcessName\", \"#text\": \"-\"}, {\"@Name\": \"IpAddress\", \"#text\": \"192.168.90.144\"}, {\"@Name\": \"IpPort\", \"#text\": \"45221\"}, {\"@Name\": \"ImpersonationLevel\", \"#text\": \"%%1833\"}, {\"@Name\": \"RestrictedAdminMode\", \"#text\": \"-\"}, {\"@Name\": \"TargetOutboundUserName\", \"#text\": \"-\"}, {\"@Name\": \"TargetOutboundDomainName\", \"#text\": \"-\"}, {\"@Name\": \"VirtualAccount\", \"#text\": \"%%1843\"}, {\"@Name\": \"TargetLinkedLogonId\", \"#text\": \"0x0\"}, {\"@Name\": \"ElevatedToken\", \"#text\": \"%%1842\"}]}}", "Channel": "Security", "Provider": "Microsoft-Windows-Security-Auditing", "EventId": 4624, "EventRecordId": "6216", "ProcessId": 665, "ThreadId": 4475, "Level": "LogAlways", "Keywords": "Audit success", "SourceFile": "C:\\Windows\\system32\\winevt\\Logs\\Security.evtx", "ExtraDataOffset": 0, "HiddenRecord": false, "TimeCreated": "2021-03-16T11:52:43.3502206+00:00", "RecordNumber": "6216"}
{"PayloadData1": "Target: OOPS.NET\\OOPS-WORKSTATION_6$", "PayloadData2": "LogonType 3", "PayloadData3": "LogonId: 0X374FCA", "UserName": "-\\-", "RemoteHost": "- (192.168.90.144)", "ExecutableInfo": "-", "MapDescription": "Successful logon", "ChunkNumber": 0, "Computer": "OOPS-DC.oops.net", "Payload": "{\"EventData\": {\"Data\": [{\"@Name\": \"SubjectUserSid\", \"#text\": \"S-1-0-0\"}, {\"@Name\": \"SubjectUserName\", \"#text\": \"-\"}, {\"@Name\": \"SubjectDomainName\", \"#text\": \"-\"}, {\"@Name\": \"SubjectLogonId\", \"#text\": \"0x0\"}, {\"@Name\": \"TargetUserSid\", \"#text\": \"S-1-5-21-4089973-192385561-2715576154-1106\"}, {\"@Name\": \"TargetUserName\", \"#text\": \"OOPS-WORKSTATION_6$\"}, {\"@Name\": \"TargetDomainName\", \"#text\": \"OOPS.NET\"}, {\"@Name\": \"TargetLogonId\", \"#text\": \"0X374FCA\"}, {\"@Name\": \"LogonType\", \"#text\": \"3\"}, {\"@Name\": \"LogonProcessName\", \"#text\": \"Kerberos\"}, {\"@Name\": \"AuthenticationPackageName\", \"#text\": \"Kerberos\"}, {\"@Name\": \"WorkstationName\", \"#text\": \"-\"}, {\"@Name\": \"LogonGuid\", \"#text\": \"5a4b87c0-8902-4ea0-98e1-302a1515315b\"}, {\"@Name\": \"TransmittedServices\", \"#text\": \"-\"}, {\"@Name\": \"LmPackageName\", \"#text\": \"-\"}, {\"@Name\": \"KeyLength\", \"#text\": \"0\"}, {\"@Name\": \"ProcessId\", \"#text\": \"0x0\"}, {\"@Name\": \"ProcessName\", \"#text\": \"-\"}, {\"@Name\": \"IpAddress\", \"#text\": \"192.168.90.144\"}, {\"@Name\": \"IpPort\", \"#text\": \"45223\"}, {\"@Name\": \"ImpersonationLevel\", \"#text\": \"%%1833\"}, {\"@Name\": \"RestrictedAdminMode\", \"#text\": \"-\"}, {\"@Name\": \"TargetOutboundUserName\", \"#text\": \"-\"}, {\"@Name\": \"TargetOutboundDomainName\", \"#text\": \"-\"}, {\"@Name\": \"VirtualAccount\", \"#text\": \"%%1843\"}, {\"@Name\": \"TargetLinkedLogonId\", \"#text\": \"0x0\"}, {\"@Name\": \"ElevatedToken\", \"#text\": \"%%1842\"}]}}", "Channel": "Security", "Provider": "Microsoft-Windows-Security-Auditing", "EventId": 4624, "EventRecordId": "6220", "ProcessId": 665, "ThreadId": 1760, "Level": "LogAlways", "Keywords": "Audit success", "SourceFile": "C:\\Windows\\system32\\winevt\\Logs\\Security.evtx", "ExtraDataOffset": 0, "HiddenRecord": false, "TimeCreated": "2021-03-16T11:52:43.4026840+00:00", "RecordNumber": "6220"}
{"PayloadData1": "Target: OOPS.NET\\OOPS-WORKSTATION_6$", "PayloadData2": "LogonType 3", "PayloadData3": "LogonId: 0X374FF8", "UserName": "-\\-", "RemoteHost": "- (192.168.90.144)", "ExecutableInfo": "-", "MapDescription": "Successful logon", "ChunkNumber": 0, "Computer": "OOPS-DC.oops.net", "Payload": "{\"EventData\": {\"Data\": [{\"@Name\": \"SubjectUserSid\", \"#text\": \"S-1-0-0\"}, {\"@Name\": \"SubjectUserName\", \"#text\": \"-\"}, {\"@Name\": \"SubjectDomainName\", \"#text\": \"-\"}, {\"@Name\": \"SubjectLogonId\", \"#text\": \"0x0\"}, {\"@Name\": \"TargetUserSid\", \"#text\": \"S-1-5-21-4089973-192385561-2715576154-1106\"}, {\"@Name\": \"TargetUserName\", \"#text\": \"OOPS-WORKSTATION_6$\"}, {\"@Name\": \"TargetDomainName\", \"#text\": \"OOPS.NET\"}, {\"@Name\": \"TargetLogonId\", \"#text\": \"0X374FF8\"}, {\"@Name\": \"LogonType\", \"#text\": \"3\"}, {\"@Name\": \"LogonProcessName\", \"#text\": \"Kerberos\"}, {\"@Name\": \"AuthenticationPackageName\", \"#text\": \"Kerberos\"}, {\"@Name\": \"WorkstationName\", \"#text\": \"-\"}, {\"@Name\": \"LogonGuid\", \"#text\": \"3498d556-295a-4edc-9627-e5e0255f80fd\"}, {\"@Name\": \"TransmittedServices\", \"#text\": \"-\"}, {\"@Name\": \"LmPackageName\", \"#text\": \"-\"}, {\"@Name\": \"KeyLength\", \"#text\": \"0\"}, {\"@Name\": \"ProcessId\", \"#text\": \"0x0\"}, {\"@Name\": \"ProcessName\", \"#text\": \"-\"}, {\"@Name\": \"IpAddress\", \"#text\": \"192.168.90.144\"}, {\"@Name\": \"IpPort\", \"#text\": \"45225\"}, {\"@Name\": \"ImpersonationLevel\", \"#text\": \"%%1833\"}, {\"@Name\": \"RestrictedAdminMode\", \"#text\": \"-\"}, {\"@Name\": \"TargetOutboundUserName\", \"#text\": \"-\"}, {\"@Name\": \"TargetOutboundDomainName\", \"#text\": \"-\"}, {\"@Name\": \"VirtualAccount\", \"#text\": \"%%1843\"}, {\"@Name\": \"TargetLinkedLogonId\", \"#text\": \"0x0\"}, {\"@Name\": \"ElevatedToken\", \"#text\": \"%%1842\"}]}}", "Channel": "Security", "Provider": "Microsoft-Windows-Security-Auditing", "EventId": 4624, "EventRecordId": "6222", "ProcessId": 665, "ThreadId": 7142, "Level": "LogAlways", "Keywords": "Audit success", "SourceFile": "C:\\Windows\\system32\\winevt\\Logs\\Security.evtx", "ExtraDataOffset": 0, "HiddenRecord": false, "TimeCreated": "2021-03-16T11:52:43.4843824+00:00", "RecordNumber": "6222"}
{"PayloadData1": "Target: OOPS\\OOPS-WORKSTATION_6$", "PayloadData2": "LogonType 3", "PayloadData3": "LogonId: 0X374FF8", "MapDescription": "An account was logged off", "ChunkNumber": 0, "Computer": "OOPS-DC.oops.net", "Payload": "{\"EventData\": {\"Data\": [{\"@Name\": \"TargetUserSid\", \"#text\": \"S-1-5-21-4089973-192385561-2715576154-1106\"}, {\"@Name\": \"TargetUserName\", \"#text\": \"OOPS-WORKSTATION_6$\"}, {\"@Name\": \"TargetDomainName\", \"#text\": \"OOPS\"}, {\"@Name\": \"TargetLogonId\", \"#text\": \"0X374FF8\"}, {\"@Name\": \"LogonType\", \"#text\": \"3\"}]}}", "Channel": "Security", "Provider": "Microsoft-Windows-Security-Auditing", "EventId": 4634, "EventRecordId": "6226", "ProcessId": 665, "ThreadId": 813, "Level": "LogAlways", "Keywords": "Audit success", "SourceFile": "C:\\Windows\\system32\\winevt\\Logs\\Security.evtx", "ExtraDataOffset": 0, "HiddenRecord": false, "TimeCreated": "2021-03-16T11:52:43.5288720+00:00", "RecordNumber": "6226"}
{"PayloadData1": "Target: OOPS\\OOPS-WORKSTATION_6$", "PayloadData2": "LogonType 3", "PayloadData3": "LogonId: 0X374FCA", "MapDescription": "An account was logged off", "ChunkNumber": 0, "Computer": "OOPS-DC.oops.net", "Payload": "{\"EventData\": {\"Data\": [{\"@Name\": \"TargetUserSid\", \"#text\": \"S-1-5-21-4089973-192385561-2715576154-1106\"}, {\"@Name\": \"TargetUserName\", \"#text\": \"OOPS-WORKSTATION_6$\"}, {\"@Name\": \"TargetDomainName\", \"#text\": \"OOPS\"}, {\"@Name\": \"TargetLogonId\", \"#text\": \"0X374FCA\"}, {\"@Name\": \"LogonType\", \"#text\": \"3\"}]}}", "Channel": "Security", "Provider": "Microsoft-Windows-Security-Auditing", "EventId": 4634, "EventRecordId": "6229", "ProcessId": 665, "ThreadId": 813, "Level": "LogAlways", "Keywords": "Audit success", "SourceFile": "C:\\Windows\\system32\\winevt\\Logs\\Security.evtx", "ExtraDataOffset": 0, "HiddenRecord": false, "TimeCreated": "2021-03-16T11:52:43.5691569+00:00", "RecordNumber": "6229"}
{"PayloadData1": "Target: OOPS\\OOPS-WORKSTATION_6$", "PayloadData2": "LogonType 3", "PayloadData3": "LogonId: 0X374FB1", "MapDescription": "An account was logged off", "ChunkNumber": 0, "Computer": "OOPS-DC.oops.net", "Payload": "{\"EventData\": {\"Data\": [{\"@Name\": \"TargetUserSid\", \"#text\": \"S-1-5-21-4089973-192385561-2715576154-1106\"}, {\"@Name\": \"TargetUserName\", \"#text\": \"OOPS-WORKSTATION_6$\"}, {\"@Name\": \"TargetDomainName\", \"#text\": \"OOPS\"}, {\"@Name\": \"TargetLogonId\", \"#text\": \"0X374FB1\"}, {\"@Name\": \"LogonType\", \"#text\": \"3\"}]}}", "Channel": "Security", "Provider": "Microsoft-Windows-Security-Auditing", "EventId": 4634, "EventRecordId": "6231", "ProcessId": 665, "ThreadId": 4475, "Level": "LogAlways", "Keywords": "Audit success", "SourceFile": "C:\\Windows\\system32\\winevt\\Logs\\Security.evtx", "ExtraDataOffset": 0, "HiddenRecord": false, "TimeCreated": "2021-03-16T11:52:43.5919297+00:00", "RecordNumber": "6231"}
{"PayloadData1": "Target: OOPS\\dempsey.kim", "PayloadData2": "ServiceName: krbtgt", "PayloadData3": "ServiceSid: S-1-5-21-4089973-192385561-2715576154-502", "PayloadData4": "TicketEncryptionType: AES256-CTS-HMAC-SHA1-96", "PayloadData5": "Status: KDC_ERR_NONE - No error - No errors were found.", "PayloadData6": "PreAuthType: PA-ENC-TIMESTAMP - This type is normal for standard password authentication.", "RemoteHost": "::ffff:192.168.90.191:47773", "MapDescription": "A Kerberos authentication ticket (TGT) was requested", "ChunkNumber": 0, "Computer": "OOPS-DC.oops.net", "Payload": "{\"EventData\": {\"Data\": [{\"@Name\": \"TargetUserName\", \"#text\": \"dempsey.kim\"}, {\"@Name\": \"TargetDomainName\", \"#text\": \"OOPS\"}, {\"@Name\": \"TargetSid\", \"#text\": \"S-1-5-21-4089973-192385561-2715576154-1162\"}, {\"@Name\": \"ServiceName\", \"#text\": \"krbtgt\"}, {\"@Name\": \"ServiceSid\", \"#text\": \"S-1-5-21-4089973-192385561-2715576154-502\"}, {\"@Name\": \"TicketOptions\", \"#text\": \"0x40810010\"}, {\"@Name\": \"Status\", \"#text\": \"0x0\"}, {\"@Name\": \"TicketEncryptionType\", \"#text\": \"0x12\"}, {\"@Name\": \"PreAuthType\", \"#text\": \"2\"}, {\"@Name\": \"IpAddress\", \"#text\": \"::ffff:192.168.90.191\"}, {\"@Name\": \"IpPort\", \"#text\": \"47773\"}, {\"@Name\": \"CertIssuerName\"}, {\"@Name\": \"CertSerialNumber\"}, {\"@Name\": \"CertThumbprint\"}]}}", "Channel": "Security", "Provider": "Microsoft-Windows-Security-Auditing", "EventId": 4768, "EventRecordId": "6232", "ProcessId": 665, "ThreadId": 4475, "Level": "LogAlways", "Keywords": "Audit success", "SourceFile": "C:\\Windows\\system32\\winevt\\Logs\\Security.evtx", "ExtraDataOffset": 0, "HiddenRecord": false, "TimeCreated": "2021-03-16T11:55:48.2392992+00:00", "RecordNumber": "6232"}
{"PayloadData1": "Target: OOPS.NET\\dempsey.kim@OOPS.NET", "PayloadData2": "ServiceName: OOPS-WORKSTATION_5$", "PayloadData3": "ServiceSid: S-1-5-21-4089973-192385561-2715576154-1178", "PayloadData4": "TicketEncryptionType: AES256-CTS-HMAC-SHA1-96", "PayloadData5": "Status: KDC_ERR_NONE - No error - No errors were found.", "RemoteHost": "::ffff:192.168.90.191:47774", "MapDescription": "A Kerberos service ticket was requested", "ChunkNumber": 0, "Computer": "OOPS-DC.oops.net", "Payload": "{\"EventData\": {\"Data\": [{\"@Name\": \"TargetUserName\", \"#text\": \"dempsey.kim@OOPS.NET\"}, {\"@Name\": \"TargetDomainName\", \"#text\": \"OOPS.NET\"}, {\"@Name\": \"ServiceName\", \"#text\": \"OOPS-WORKSTATION_5$\"}, {\"@Name\": \"ServiceSid\", \"#text\": \"S-1-5-21-4089973-192385561-2715576154-1178\"}, {\"@Name\": \"TicketOptions\", \"#text\": \"0x40810000\"}, {\"@Name\": \"TicketEncryptionType\", \"#text\": \"0x12\"}, {\"@Name\": \"IpAddress\", \"#text\": \"::ffff:192.168.90.191\"}, {\"@Name\": \"IpPort\", \"#text\": \"47774\"}, {\"@Name\": \"Status\", \"#text\": \"0x0\"}, {\"@Name\": \"LogonGuid\", \"#text\": \"ecd53e71-854b-4170-8e40-dc842ca81d73\"}, {\"@Name\": \"TransmittedServices\", \"#text\": \"-\"}]}}", "Channel": "Security", "Provider": "Microsoft-Windows-Security-Auditing", "EventId": 4769, "EventRecordId": "6235", "ProcessId": 665, "ThreadId": 1512, "Level": "LogAlways", "Keywords": "Audit success", "SourceFile": "C:\\Windows\\system32\\winevt\\Logs\\Security.evtx", "ExtraDataOffset": 0, "HiddenRecord": false, "TimeCreated": "2021-03-16T11:55:48.2784649+00:00", "RecordNumber": "6235"}
{"PayloadData1": "Target: OOPS.NET\\dempsey.kim@OOPS.NET", "PayloadData2": "ServiceName: OOPS-DC$", "PayloadData3": "ServiceSid: S-1-5-21-4089973-192385561-2715576154-1000", "PayloadData4": "TicketEncryptionType: AES256-CTS-HMAC-SHA1-96", "PayloadData5": "Status: KDC_ERR_NONE - No error - No errors were found.", "RemoteHost": "::ffff:192.168.90.191:47775", "MapDescription": "A Kerberos service ticket was requested", "ChunkNumber": 0, "Computer": "OOPS-DC.oops.net", "Payload": "{\"EventData\": {\"Data\": [{\"@Name\": \"TargetUserName\", \"#text\": \"dempsey.kim@OOPS.NET\"}, {\"@Name\": \"TargetDomainName\", \"#text\": \"OOPS.NET\"}, {\"@Name\": \"ServiceName\", \"#text\": \"OOPS-DC$\"}, {\"@Name\": \"ServiceSid\", \"#text\": \"S-1-5-21-4089973-192385561-2715576154-1000\"}, {\"@Name\": \"TicketOptions\", \"#text\": \"0x40800000\"}, {\"@Name\": \"TicketEncryptionType\", \"#text\": \"0x12\"}, {\"@Name\": \"IpAddress\", \"#text\": \"::ffff:192.168.90.191\"}, {\"@Name\": \"IpPort\", \"#text\": \"47775\"}, {\"@Name\": \"Status\", \"#text\": \"0x0\"}, {\"@Name\": \"LogonGuid\", \"#text\": \"2c6cd5e4-6366-4164-8235-88b91a3fbfb2\"}, {\"@Name\": \"TransmittedServices\", \"#text\": \"-\"}]}}", "Channel": "Security", "Provider": "Microsoft-Windows-Security-Auditing", "EventId": 4769, "EventRecordId": "6242", "ProcessId": 665, "ThreadId": 4475, "Level": "LogAlways", "Keywords": "Audit success", "SourceFile": "C:\\Windows\\system32\\winevt\\Logs\\Security.evtx", "ExtraDataOffset": 0, "HiddenRecord": false, "TimeCreated": "2021-03-16T11:55:49.3601709+00:00", "RecordNumber": "6242"}
{"PayloadData1": "Target: OOPS.NET\\dempsey.kim", "PayloadData2": "LogonType 3", "PayloadData3": "LogonId: 0X375356", "UserName": "-\\-", "RemoteHost": "- (192.168.90.191)", "ExecutableInfo": "-", "MapDescription": "Successful logon", "ChunkNumber": 0, "Computer": "OOPS-DC.oops.net", "Payload": "{\"EventData\": {\"Data\": [{\"@Name\": \"SubjectUserSid\", \"#text\": \"S-1-0-0\"}, {\"@Name\": \"SubjectUserName\", \"#text\": \"-\"}, {\"@Name\": \"SubjectDomainName\", \"#text\": \"-\"}, {\"@Name\": \"SubjectLogonId\", \"#text\": \"0x0\"}, {\"@Name\": \"TargetUserSid\", \"#text\": \"S-1-5-21-4089973-192385561-2715576154-1162\"}, {\"@Name\": \"TargetUserName\", \"#text\": \"dempsey.kim\"}, {\"@Name\": \"TargetDomainName\", \"#text\": \"OOPS.NET\"}, {\"@Name\": \"TargetLogonId\", \"#text\": \"0X375356\"}, {\"@Name\": \"LogonType\", \"#text\": \"3\"}, {\"@Name\": \"LogonProcessName\", \"#text\": \"Kerberos\"}, {\"@Name\": \"AuthenticationPackageName\", \"#text\": \"Kerberos\"}, {\"@Name\": \"WorkstationName\", \"#text\": \"-\"}, {\"@Name\": \"LogonGuid\", \"#text\": \"91e5796e-1d93-44b5-88d2-2ea24d686024\"}, {\"@Name\": \"TransmittedServices\", \"#text\": \"-\"}, {\"@Name\": \"LmPackageName\", \"#text\": \"-\"}, {\"@Name\": \"KeyLength\", \"#text\": \"0\"}, {\"@Name\": \"ProcessId\", \"#text\": \"0x0\"}, {\"@Name\": \"ProcessName\", \"#text\": \"-\"}, {\"@Name\": \"IpAddress\", \"#text\": \"192.168.90.191\"}, {\"@Name\": \"IpPort\", \"#text\": \"47776\"}, {\"@Name\": \"ImpersonationLevel\", \"#text\": \"%%1833\"}, {\"@Name\": \"RestrictedAdminMode\", \"#text\": \"-\"}, {\"@Name\": \"TargetOutboundUserName\", \"#text\": \"-\"}, {\"@Name\": \"TargetOutboundDomainName\", \"#text\": \"-\"}, {\"@Name\": \"VirtualAccount\", \"#text\": \"%%1843\"}, {\"@Name\": \"TargetLinkedLogonId\", \"#text\": \"0x0\"}, {\"@Name\": \"ElevatedToken\", \"#text\": \"%%1842\"}]}}", "Channel": "Security", "Provider": "Microsoft-Windows-Security-Auditing", "EventId": 4624, "EventRecordId": "6243", "ProcessId": 665, "ThreadId": 4475, "Level": "LogAlways", "Keywords": "Audit success", "SourceFile": "C:\\Windows\\system32\\winevt\\Logs\\Security.evtx", "ExtraDataOffset": 0, "HiddenRecord": false, "TimeCreated": "2021-03-16T11:55:49.3999133+00:00", "RecordNumber": "6243"}
{"PayloadData1": "Target: OOPS.NET\\OOPS-WORKSTATION_5$", "PayloadData2": "LogonType 3", "PayloadData3": "LogonId: 0X375377", "UserName": "-\\-", "RemoteHost": "- (192.168.90.191)", "ExecutableInfo": "-", "MapDescription": "Successful logon", "ChunkNumber": 0, "Computer": "OOPS-DC.oops.net", "Payload": "{\"EventData\": {\"Data\": [{\"@Name\": \"SubjectUserSid\", \"#text\": \"S-1-0-0\"}, {\"@Name\": \"SubjectUserName\", \"#text\": \"-\"}, {\"@Name\": \"SubjectDomainName\", \"#text\": \"-\"}, {\"@Name\": \"SubjectLogonId\", \"#text\": \"0x0\"}, {\"@Name\": \"TargetUserSid\", \"#text\": \"S-1-5-21-4089973-192385561-2715576154-1178\"}, {\"@Name\": \"TargetUserName\", \"#text\": \"OOPS-WORKSTATION_5$\"}, {\"@Name\": \"TargetDomainName\", \"#text\": \"OOPS.NET\"}, {\"@Name\": \"TargetLogonId\", \"#text\": \"0X375377\"}, {\"@Name\": \"LogonType\", \"#text\": \"3\"}, {\"@Name\": \"LogonProcessName\", \"#text\": \"Kerberos\"}, {\"@Name\": \"AuthenticationPackageName\", \"#text\": \"Kerberos\"}, {\"@Name\": \"WorkstationName\", \"#text\": \"-\"}, {\"@Name\": \"LogonGuid\", \"#text\": \"1a87840d-6034-4829-ad4f-6101cfb92dd8\"}, {\"@Name\": \"TransmittedServices\", \"#text\": \"-\"}, {\"@Name\": \"LmPackageName\", \"#text\": \"-\"}, {\"@Name\": \"KeyLength\", \"#text\": \"0\"}, {\"@Name\": \"ProcessId\", \"#text\": \"0x0\"}, {\"@Name\": \"ProcessName\", \"#text\": \"-\"}, {\"@Name\": \"IpAddress\", \"#text\": \"192.168.90.191\"}, {\"@Name\": \"IpPort\", \"#text\": \"47777\"}, {\"@Name\": \"ImpersonationLevel\", \"#text\": \"%%1833\"}, {\"@Name\": \"RestrictedAdminMode\", \"#text\": \"-\"}, {\"@Name\": \"TargetOutboundUserName\", \"#text\": \"-\"}, {\"@Name\": \"TargetOutboundDomainName\", \"#text\": \"-\"}, {\"@Name\": \"VirtualAccount\", \"#text\": \"%%1843\"}, {\"@Name\": \"TargetLinkedLogonId\", \"#text\": \"0x0\"}, {\"@Name\": \"ElevatedToken\", \"#text\": \"%%1842\"}]}}", "Channel": "Security", "Provider": "Microsoft-Windows-Security-Auditing", "EventId": 4624, "EventRecordId": "6246", "ProcessId": 665, "ThreadId": 1760, "Level": "LogAlways", "Keywords": "Audit success", "SourceFile": "C:\\Windows\\system32\\winevt\\Logs\\Security.evtx", "ExtraDataOffset": 0, "HiddenRecord": false, "TimeCreated": "2021-03-16T11:55:49.4379017+00:00", "RecordNumber": "6246"}
{"PayloadData1": "Target: OOPS.NET\\dempsey.kim", "PayloadData2": "LogonType 3", "PayloadData3": "LogonId: 0X375382", "UserName": "-\\-", "RemoteHost": "- (192.168.90.191)", "ExecutableInfo": "-", "MapDescription": "Successful logon", "ChunkNumber": 0, "Computer": "OOPS-DC.oops.net", "Payload": "{\"EventData\": {\"Data\": [{\"@Name\": \"SubjectUserSid\", \"#text\": \"S-1-0-0\"}, {\"@Name\": \"SubjectUserName\", \"#text\": \"-\"}, {\"@Name\": \"SubjectDomainName\", \"#text\": \"-\"}, {\"@Name\": \"SubjectLogonId\", \"#text\": \"0x0\"}, {\"@Name\": \"TargetUserSid\", \"#text\": \"S-1-5-21-4089973-192385561-2715576154-1162\"}, {\"@Name\": \"TargetUserName\", \"#text\": \"dempsey.kim\"}, {\"@Name\": \"TargetDomainName\", \"#text\": \"OOPS.NET\"}, {\"@Name\": \"TargetLogonId\", \"#text\": \"0X375382\"}, {\"@Name\": \"LogonType\", \"#text\": \"3\"}, {\"@Name\": \"LogonProcessName\", \"#text\": \"Kerberos\"}, {\"@Name\": \"AuthenticationPackageName\", \"#text\": \"Kerberos\"}, {\"@Name\": \"WorkstationName\", \"#text\": \"-\"}, {\"@Name\": \"LogonGuid\", \"#text\": \"9c5c6e2f-70d4-4702-9d7a-2b577aa57831\"}, {\"@Name\": \"TransmittedServices\", \"#text\": \"-\"}, {\"@Name\": \"LmPackageName\", \"#text\": \"-\"}, {\"@Name\": \"KeyLength\", \"#text\": \"0\"}, {\"@Name\": \"ProcessId\", \"#text\": \"0x0\"}, {\"@Name\": \"ProcessName\", \"#text\": \"-\"}, {\"@Name\": \"IpAddress\", \"#text\": \"192.168.90.191\"}, {\"@Name\": \"IpPort\", \"#text\": \"47779\"}, {\"@Name\": \"ImpersonationLevel\", \"#text\": \"%%1833\"}, {\"@Name\": \"RestrictedAdminMode\", \"#text\": \"-\"}, {\"@Name\": \"TargetOutboundUserName\", \"#text\": \"-\"}, {\"@Name\": \"TargetOutboundDomainName\", \"#text\": \"-\"}, {\"@Name\": \"VirtualAccount\", \"#text\": \"%%1843\"}, {\"@Name\": \"TargetLinkedLogonId\", \"#text\": \"0x0\"}, {\"@Name\": \"ElevatedToken\", \"#text\": \"%%1842\"}]}}", "Channel": "Security", "Provider": "Microsoft-Windows-Security-Auditing", "EventId": 4624, "EventRecordId": "6251", "ProcessId": 665, "ThreadId": 1512, "Level": "LogAlways", "Keywords": "Audit success", "SourceFile": "C:\\Windows\\system32\\winevt\\Logs\\Security.evtx", "ExtraDataOffset": 0, "HiddenRecord": false, "TimeCreated": "2021-03-16T11:55:49.5098301+00:00", "RecordNumber": "6251"}
{"PayloadData1": "Target: OOPS\\dempsey.kim", "PayloadData2": "LogonType 3", "PayloadData3": "LogonId: 0X375382", "MapDescription": "An account was logged off", "ChunkNumber": 0, "Computer": "OOPS-DC.oops.net", "Payload": "{\"EventData\": {\"Data\": [{\"@Name\": \"TargetUserSid\", \"#text\": \"S-1-5-21-4089973-192385561-2715576154-1162\"}, {\"@Name\": \"TargetUserName\", \"#text\": \"dempsey.kim\"}, {\"@Name\": \"TargetDomainName\", \"#text\": \"OOPS\"}, {\"@Name\": \"TargetLogonId\", \"#text\": \"0X375382\"}, {\"@Name\": \"LogonType\", \"#text\": \"3\"}]}}", "Channel": "Security", "Provider": "Microsoft-Windows-Security-Auditing", "EventId": 4634, "EventRecordId": "6254", "ProcessId": 665, "ThreadId": 1512, "Level": "LogAlways", "Keywords": "Audit success", "SourceFile": "C:\\Windows\\system32\\winevt\\Logs\\Security.evtx", "ExtraDataOffset": 0, "HiddenRecord": false, "TimeCreated": "2021-03-16T11:55:49.5432038+00:00", "RecordNumber": "6254"}
{"PayloadData1": "Target: OOPS\\OOPS-WORKSTATION_5$", "PayloadData2": "LogonType 3", "PayloadData3": "LogonId: 0X375377", "MapDescription": "An account was logged off", "ChunkNumber": 0, "Computer": "OOPS-DC.oops.net", "Payload": "{\"EventData\": {\"Data\": [{\"@Name\": \"TargetUserSid\", \"#text\": \"S-1-5-21-4089973-192385561-2715576154-1178\"}, {\"@Name\": \"TargetUserName\", \"#text\": \"OOPS-WORKSTATION_5$\"}, {\"@Name\": \"TargetDomainName\", \"#text\": \"OOPS\"}, {\"@Name\": \"TargetLogonId\", \"#text\": \"0X375377\"}, {\"@Name\": \"LogonType\", \"#text\": \"3\"}]}}", "Channel": "Security", "Provider": "Microsoft-Windows-Security-Auditing", "EventId": 4634, "EventRecordId": "6255", "ProcessId": 665, "ThreadId": 1760, "Level": "LogAlways", "Keywords": "Audit success", "SourceFile": "C:\\Windows\\system32\\winevt\\Logs\\Security.evtx", "ExtraDataOffset": 0, "HiddenRecord": false, "TimeCreated": "2021-03-16T11:55:49.5968594+00:00", "RecordNumber": "6255"}
{"PayloadData1": "Target: OOPS.NET\\OOPS-WORKSTATION_5$@OOPS.NET", "PayloadData2": "ServiceName: OOPS-DC$", "PayloadData3": "ServiceSid: S-1-5-21-4089973-192385561-2715576154-1000", "PayloadData4": "TicketEncryptionType: AES256-CTS-HMAC-SHA1-96", "PayloadData5": "Status: KDC_ERR_NONE - No error - No errors were found.", "RemoteHost": "::ffff:192.168.90.191:47780", "MapDescription": "A Kerberos service ticket was requested", "ChunkNumber": 0, "Computer": "OOPS-DC.oops.net", "Payload": "{\"EventData\": {\"Data\": [{\"@Name\": \"TargetUserName\", \"#text\": \"OOPS-WORKSTATION_5$@OOPS.NET\"}, {\"@Name\": \"TargetDomainName\", \"#text\": \"OOPS.NET\"}, {\"@Name\": \"ServiceName\", \"#text\": \"OOPS-DC$\"}, {\"@Name\": \"ServiceSid\", \"#text\": \"S-1-5-21-4089973-192385561-2715576154-1000\"}, {\"@Name\": \"TicketOptions\", \"#text\": \"0x40800000\"}, {\"@Name\": \"TicketEncryptionType\", \"#text\": \"0x12\"}, {\"@Name\": \"IpAddress\", \"#text\": \"::ffff:192.168.90.191\"}, {\"@Name\": \"IpPort\", \"#text\": \"47780\"}, {\"@Name\": \"Status\", \"#text\": \"0x0\"}, {\"@Name\": \"LogonGuid\", \"#text\": \"1a9c9786-5a55-46f3-9153-b6c990e63fd3\"}, {\"@Name\": \"TransmittedServices\", \"#text\": \"-\"}]}}", "Channel": "Security", "Provider": "Microsoft-Windows-Security-Auditing", "EventId": 4769, "EventRecordId": "6263", "ProcessId": 665, "ThreadId": 1760, "Level": "LogAlways", "Keywords": "Audit success", "SourceFile": "C:\\Windows\\system32\\winevt\\Logs\\Security.evtx", "ExtraDataOffset": 0, "HiddenRecord": false, "TimeCreated": "2021-03-16T11:55:52.6307730+00:00", "RecordNumber": "6263"}
{"PayloadData1": "Target: OOPS.NET\\dempsey.kim@OOPS.NET", "PayloadData2": "ServiceName: OOPS-DC$", "PayloadData3": "ServiceSid: S-1-5-21-4089973-192385561-2715576154-1000", "PayloadData4": "TicketEncryptionType: AES256-CTS-HMAC-SHA1-96", "PayloadData5": "Status: KDC_ERR_NONE - No error - No errors were found.", "RemoteHost": "::ffff:192.168.90.191:47781", "MapDescription": "A Kerberos service ticket was requested", "ChunkNumber": 0, "Computer": "OOPS-DC.oops.net", "Payload": "{\"EventData\": {\"Data\": [{\"@Name\": \"TargetUserName\", \"#text\": \"dempsey.kim@OOPS.NET\"}, {\"@Name\": \"TargetDomainName\", \"#text\": \"OOPS.NET\"}, {\"@Name\": \"ServiceName\", \"#text\": \"OOPS-DC$\"}, {\"@Name\": \"ServiceSid\", \"#text\": \"S-1-5-21-4089973-192385561-2715576154-1000\"}, {\"@Name\": \"TicketOptions\", \"#text\": \"0x40810000\"}, {\"@Name\": \"TicketEncryptionType\", \"#text\": \"0x12\"}, {\"@Name\": \"IpAddress\", \"#text\": \"::ffff:192.168.90.191\"}, {\"@Name\": \"IpPort\", \"#text\": \"47781\"}, {\"@Name\": \"Status\", \"#text\": \"0x0\"}, {\"@Name\": \"LogonGuid\", \"#text\": \"18cfe389-f678-4be0-a47e-70edb129938d\"}, {\"@Name\": \"TransmittedServices\", \"#text\": \"-\"}]}}", "Channel": "Security", "Provider": "Microsoft-Windows-Security-Auditing", "EventId": 4769, "EventRecordId": "6270", "ProcessId": 665, "ThreadId": 7142, "Level": "LogAlways", "Keywords": "Audit success", "SourceFile": "C:\\Windows\\system32\\winevt\\Logs\\Security.evtx", "ExtraDataOffset": 0, "HiddenRecord": false, "TimeCreated": "2021-03-16T11:55:52.7180412+00:00", "RecordNumber": "6270"}
{"PayloadData1": "Target: OOPS.NET\\OOPS-WORKSTATION_5$", "PayloadData2": "LogonType 3", "PayloadData3": "LogonId: 0X3753B2", "UserName": "-\\-", "RemoteHost": "- (192.168.90.191)", "ExecutableInfo": "-", "MapDescription": "Successful logon", "ChunkNumber": 0, "Computer": "OOPS-DC.oops.net", "Payload": "{\"EventData\": {\"Data\": [{\"@Name\": \"SubjectUserSid\", \"#text\": \"S-1-0-0\"}, {\"@Name\": \"SubjectUserName\", \"#text\": \"-\"}, {\"@Name\": \"SubjectDomainName\", \"#text\": \"-\"}, {\"@Name\": \"SubjectLogonId\", \"#text\": \"0x0\"}, {\"@Name\": \"TargetUserSid\", \"#text\": \"S-1-5-21-4089973-192385561-2715576154-1178\"}, {\"@Name\": \"TargetUserName\", \"#text\": \"OOPS-WORKSTATION_5$\"}, {\"@Name\": \"TargetDomainName\", \"#text\": \"OOPS.NET\"}, {\"@Name\": \"TargetLogonId\", \"#text\": \"0X3753B2\"}, {\"@Name\": \"LogonType\", \"#text\": \"3\"}, {\"@Name\": \"LogonProcessName\", \"#text\": \"Kerberos\"}, {\"@Name\": \"AuthenticationPackageName\", \"#text\": \"Kerberos\"}, {\"@Name\": \"WorkstationName\", \"#text\": \"-\"}, {\"@Name\": \"LogonGuid\", \"#text\": \"5feb8ff3-cdf5-44e8-a454-877cc53ffada\"}, {\"@Name\": \"TransmittedServices\", \"#text\": \"-\"}, {\"@Name\": \"LmPackageName\", \"#text\": \"-\"}, {\"@Name\": \"KeyLength\", \"#text\": \"0\"}, {\"@Name\": \"ProcessId\", \"#text\": \"0x0\"}, {\"@Name\": \"ProcessName\", \"#text\": \"-\"}, {\"@Name\": \"IpAddress\", \"#text\": \"192.168.90.191\"}, {\"@Name\": \"IpPort\", \"#text\": \"47782\"}, {\"@Name\": \"ImpersonationLevel\", \"#text\": \"%%1833\"}, {\"@Name\": \"RestrictedAdminMode\", \"#text\": \"-\"}, {\"@Name\": \"TargetOutboundUserName\", \"#text\": \"-\"}, {\"@Name\": \"TargetOutboundDomainName\", \"#text\": \"-\"}, {\"@Name\": \"VirtualAccount\", \"#text\": \"%%1843\"}, {\"@Name\": \"TargetLinkedLogonId\", \"#text\": \"0x0\"}, {\"@Name\": \"ElevatedToken\", \"#text\": \"%%1842\"}]}}", "Channel": "Security", "Provider": "Microsoft-Windows-Security-Auditing", "EventId": 4624, "EventRecordId": "6275", "ProcessId": 665, "ThreadId": 4475, "Level": "LogAlways", "Keywords": "Audit success", "SourceFile": "C:\\Windows\\system32\\winevt\\Logs\\Security.evtx", "ExtraDataOffset": 0, "HiddenRecord": false, "TimeCreated": "2021-03-16T11:55:52.7955475+00:00", "RecordNumber": "6275"}
{"PayloadData1": "Target: OOPS.NET\\OOPS-WORKSTATION_5$", "PayloadData2": "LogonType 3", "PayloadData3": "LogonId: 0X3753C0", "UserName": "-\\-", "RemoteHost": "- (192.168.90.191)", "ExecutableInfo": "-", "MapDescription": "Successful logon", "ChunkNumber": 0, "Computer": "OOPS-DC.oops.net", "Payload": "{\"EventData\": {\"Data\": [{\"@Name\": \"SubjectUserSid\", \"#text\": \"S-1-0-0\"}, {\"@Name\": \"SubjectUserName\", \"#text\": \"-\"}, {\"@Name\": \"SubjectDomainName\", \"#text\": \"-\"}, {\"@Name\": \"SubjectLogonId\", \"#text\": \"0x0\"}, {\"@Name\": \"TargetUserSid\", \"#text\": \"S-1-5-21-4089973-192385561-2715576154-1178\"}, {\"@Name\": \"TargetUserName\", \"#text\": \"OOPS-WORKSTATION_5$\"}, {\"@Name\": \"TargetDomainName\", \"#text\": \"OOPS.NET\"}, {\"@Name\": \"TargetLogonId\", \"#text\": \"0X3753C0\"}, {\"@Name\": \"LogonType\", \"#text\": \"3\"}, {\"@Name\": \"LogonProcessName\", \"#text\": \"Kerberos\"}, {\"@Name\": \"AuthenticationPackageName\", \"#text\": \"Kerberos\"}, {\"@Name\": \"WorkstationName\", \"#text\": \"-\"}, {\"@Name\": \"LogonGuid\", \"#text\": \"90937e7c-5409-4688-9f4e-e401abf6d7d0\"}, {\"@Name\": \"TransmittedServices\", \"#text\": \"-\"}, {\"@Name\": \"LmPackageName\", \"#text\": \"-\"}, {\"@Name\": \"KeyLength\", \"#text\": \"0\"}, {\"@Name\": \"ProcessId\", \"#text\": \"0x0\"}, {\"@Name\": \"ProcessName\", \"#text\": \"-\"}, {\"@Name\": \"IpAddress\", \"#text\": \"192.168.90.191\"}, {\"@Name\": \"IpPort\", \"#text\": \"47783\"}, {\"@Name\": \"ImpersonationLevel\", \"#text\": \"%%1833\"}, {\"@Name\": \"RestrictedAdminMode\", \"#text\": \"-\"}, {\"@Name\": \"TargetOutboundUserName\", \"#text\": \"-\"}, {\"@Name\": \"TargetOutboundDomainName\", \"#text\": \"-\"}, {\"@Name\": \"VirtualAccount\", \"#text\": \"%%1843\"}, {\"@Name\": \"TargetLinkedLogonId\", \"#text\": \"0x0\"}, {\"@Name\": \"ElevatedToken\", \"#text\": \"%%1842\"}]}}", "Channel": "Security", "Provider": "Microsoft-Windows-Security-Auditing", "EventId": 4624, "EventRecordId": "6279", "ProcessId": 665, "ThreadId": 1760, "Level": "LogAlways", "Keywords": "Audit success", "SourceFile": "C:\\Windows\\system32\\winevt\\Logs\\Security.evtx", "ExtraDataOffset": 0, "HiddenRecord": false, "TimeCreated": "2021-03-16T11:55:52.8361691+00:00", "RecordNumber": "6279"}
{"PayloadData1": "Target: OOPS.NET\\dempsey.kim", "PayloadData2": "LogonType 3", "PayloadData3": "LogonId: 0X3753F0", "UserName": "-\\-", "RemoteHost": "- (192.168.90.191)", "ExecutableInfo": "-", "MapDescription": "Successful logon", "ChunkNumber": 0, "Computer": "OOPS-DC.oops.net", "Payload": "{\"EventData\": {\"Data\": [{\"@Name\": \"SubjectUserSid\", \"#text\": \"S-1-0-0\"}, {\"@Name\": \"SubjectUserName\", \"#text\": \"-\"}, {\"@Name\": \"SubjectDomainName\", \"#text\": \"-\"}, {\"@Name\": \"SubjectLogonId\", \"#text\": \"0x0\"}, {\"@Name\": \"TargetUserSid\", \"#text\": \"S-1-5-21-4089973-192385561-2715576154-1162\"}, {\"@Name\": \"TargetUserName\", \"#text\": \"dempsey.kim\"}, {\"@Name\": \"TargetDomainName\", \"#text\": \"OOPS.NET\"}, {\"@Name\": \"TargetLogonId\", \"#text\": \"0X3753F0\"}, {\"@Name\": \"LogonType\", \"#text\": \"3\"}, {\"@Name\": \"LogonProcessName\", \"#text\": \"Kerberos\"}, {\"@Name\": \"AuthenticationPackageName\", \"#text\": \"Kerberos\"}, {\"@Name\": \"WorkstationName\", \"#text\": \"-\"}, {\"@Name\": \"LogonGuid\", \"#text\": \"fc2255d8-915b-4017-af51-9999656c3013\"}, {\"@Name\": \"TransmittedServices\", \"#text\": \"-\"}, {\"@Name\": \"LmPackageName\", \"#text\": \"-\"}, {\"@Name\": \"KeyLength\", \"#text\": \"0\"}, {\"@Name\": \"ProcessId\", \"#text\": \"0x0\"}, {\"@Name\": \"ProcessName\", \"#text\": \"-\"}, {\"@Name\": \"IpAddress\", \"#text\": \"192.168.90.191\"}, {\"@Name\": \"IpPort\", \"#text\": \"47785\"}, {\"@Name\": \"ImpersonationLevel\", \"#text\": \"%%1833\"}, {\"@Name\": \"RestrictedAdminMode\", \"#text\": \"-\"}, {\"@Name\": \"TargetOutboundUserName\", \"#text\": \"-\"}, {\"@Name\": \"TargetOutboundDomainName\", \"#text\": \"-\"}, {\"@Name\": \"VirtualAccount\", \"#text\": \"%%1843\"}, {\"@Name\": \"TargetLinkedLogonId\", \"#text\": \"0x0\"}, {\"@Name\": \"ElevatedToken\", \"#text\": \"%%1842\"}]}}", "Channel": "Security", "Provider": "Microsoft-Windows-Security-Auditing", "EventId": 4624, "EventRecordId": "6283", "ProcessId": 665, "ThreadId": 7142, "Level": "LogAlways", "Keywords": "Audit success", "SourceFile": "C:\\Windows\\system32\\winevt\\Logs\\Security.evtx", "ExtraDataOffset": 0, "HiddenRecord": false, "TimeCreated": "2021-03-16T11:55:52.8872992+00:00", "RecordNumber": "6283"}
{"PayloadData1": "Target: OOPS\\OOPS-WORKSTATION_5$", "PayloadData2": "LogonType 3", "PayloadData3": "LogonId: 0X3753C0", "MapDescription": "An account was logged off", "ChunkNumber": 0, "Computer": "OOPS-DC.oops.net", "Payload": "{\"EventData\": {\"Data\": [{\"@Name\": \"TargetUserSid\", \"#text\": \"S-1-5-21-4089973-192385561-2715576154-1178\"}, {\"@Name\": \"TargetUserName\", \"#text\": \"OOPS-WORKSTATION_5$\"}, {\"@Name\": \"TargetDomainName\", \"#text\": \"OOPS\"}, {\"@Name\": \"TargetLogonId\", \"#text\": \"0X3753C0\"}, {\"@Name\": \"LogonType\", \"#text\": \"3\"}]}}", "Channel": "Security", "Provider": "Microsoft-Windows-Security-Auditing", "EventId": 4634, "EventRecordId": "6285", "ProcessId": 665, "ThreadId": 1760, "Level": "LogAlways", "Keywords": "Audit success", "SourceFile": "C:\\Windows\\system32\\winevt\\Logs\\Security.evtx", "ExtraDataOffset": 0, "HiddenRecord": false, "TimeCreated": "2021-03-16T11:55:52.9175437+00:00", "RecordNumber": "6285"}
{"PayloadData1": "Target: OOPS\\dempsey.kim", "PayloadData2": "LogonType 3", "PayloadData3": "LogonId: 0X3753F0", "MapDescription": "An account was logged off", "ChunkNumber": 0, "Computer": "OOPS-DC.oops.net", "Payload": "{\"EventData\": {\"Data\": [{\"@Name\": \"TargetUserSid\", \"#text\": \"S-1-5-21-4089973-192385561-2715576154-1162\"}, {\"@Name\": \"TargetUserName\", \"#text\": \"dempsey.kim\"}, {\"@Name\": \"TargetDomainName\", \"#text\": \"OOPS\"}, {\"@Name\": \"TargetLogonId\", \"#text\": \"0X3753F0\"}, {\"@Name\": \"LogonType\", \"#text\": \"3\"}]}}", "Channel": "Security", "Provider": "Microsoft-Windows-Security-Auditing", "EventId": 4634, "EventRecordId": "6288", "ProcessId": 665, "ThreadId": 1512, "Level": "LogAlways", "Keywords": "Audit success", "SourceFile": "C:\\Windows\\system32\\winevt\\Logs\\Security.evtx", "ExtraDataOffset": 0, "HiddenRecord": false, "TimeCreated": "2021-03-16T11:55:52.9492793+00:00", "RecordNumber": "6288"}
{"PayloadData1": "Target: OOPS\\OOPS-WORKSTATION_5$", "PayloadData2": "LogonType 3", "PayloadData3": "LogonId: 0X3753B2", "MapDescription": "An account was logged off", "ChunkNumber": 0, "Computer": "OOPS-DC.oops.net", "Payload": "{\"EventData\": {\"Data\": [{\"@Name\": \"TargetUserSid\", \"#text\": \"S-1-5-21-4089973-192385561-2715576154-1178\"}, {\"@Name\": \"TargetUserName\", \"#text\": \"OOPS-WORKSTATION_5$\"}, {\"@Name\": \"TargetDomainName\", \"#text\": \"OOPS\"}, {\"@Name\": \"TargetLogonId\", \"#text\": \"0X3753B2\"}, {\"@Name\": \"LogonType\", \"#text\": \"3\"}]}}", "Channel": "Security", "Provider": "Microsoft-Windows-Security-Auditing", "EventId": 4634, "EventRecordId": "6292", "ProcessId": 665, "ThreadId": 1760, "Level": "LogAlways", "Keywords": "Audit success", "SourceFile": "C:\\Windows\\system32\\winevt\\Logs\\Security.evtx", "ExtraDataOffset": 0, "HiddenRecord": false, "TimeCreated": "2021-03-16T11:55:52.9895329+00:00", "RecordNumber": "6292"}
{"PayloadData1": "Target: OOPS.NET\\OOPS-WORKSTATION_5$@OOPS.NET", "PayloadData2": "ServiceName: OOPS-WORKSTATION_5$", "PayloadData3": "ServiceSid: S-1-5-21-4089973-192385561-2715576154-1178", "PayloadData4": "TicketEncryptionType: AES256-CTS-HMAC-SHA1-96", "PayloadData5": "Status: KDC_ERR_NONE - No error - No errors were found.", "RemoteHost": "::ffff:192.168.90.191:47787", "MapDescription": "A Kerberos service ticket was requested", "ChunkNumber": 0, "Computer": "OOPS-DC.oops.net", "Payload": "{\"EventData\": {\"Data\": [{\"@Name\": \"TargetUserName\", \"#text\": \"OOPS-WORKSTATION_5$@OOPS.NET\"}, {\"@Name\": \"TargetDomainName\", \"#text\": \"OOPS.NET\"}, {\"@Name\": \"ServiceName\", \"#text\": \"OOPS-WORKSTATION_5$\"}, {\"@Name\": \"ServiceSid\", \"#text\": \"S-1-5-21-4089973-192385561-2715576154-1178\"}, {\"@Name\": \"TicketOptions\", \"#text\": \"0x40810000\"}, {\"@Name\": \"TicketEncryptionType\", \"#text\": \"0x12\"}, {\"@Name\": \"IpAddress\", \"#text\": \"::ffff:192.168.90.191\"}, {\"@Name\": \"IpPort\", \"#text\": \"47787\"}, {\"@Name\": \"Status\", \"#text\": \"0x0\"}, {\"@Name\": \"LogonGuid\", \"#text\": \"0dc8ee18-aafd-4603-8d70-717de1852074\"}, {\"@Name\": \"TransmittedServices\", \"#text\": \"-\"}]}}", "Channel": "Security", "Provider": "Microsoft-Windows-Security-Auditing", "EventId": 4769, "EventRecordId": "6293", "ProcessId": 665, "ThreadId": 7142, "Level": "LogAlways", "Keywords": "Audit success", "SourceFile": "C:\\Windows\\system32\\winevt\\Logs\\Security.evtx", "ExtraDataOffset": 0, "HiddenRecord": false, "TimeCreated": "2021-03-16T11:55:53.0608699+00:00", "RecordNumber": "6293"}
{"PayloadData1": "Target: OOPS.NET\\OOPS-WORKSTATION_5$", "PayloadData2": "LogonType 3", "PayloadData3": "LogonId: 0X37541A", "UserName": "-\\-", "RemoteHost": "- (192.168.90.191)", "ExecutableInfo": "-", "MapDescription": "Successful logon", "ChunkNumber": 0, "Computer": "OOPS-DC.oops.net", "Payload": "{\"EventData\": {\"Data\": [{\"@Name\": \"SubjectUserSid\", \"#text\": \"S-1-0-0\"}, {\"@Name\": \"SubjectUserName\", \"#text\": \"-\"}, {\"@Name\": \"SubjectDomainName\", \"#text\": \"-\"}, {\"@Name\": \"SubjectLogonId\", \"#text\": \"0x0\"}, {\"@Name\": \"TargetUserSid\", \"#text\": \"S-1-5-21-4089973-192385561-2715576154-1178\"}, {\"@Name\": \"TargetUserName\", \"#text\": \"OOPS-WORKSTATION_5$\"}, {\"@Name\": \"TargetDomainName\", \"#text\": \"OOPS.NET\"}, {\"@Name\": \"TargetLogonId\", \"#text\": \"0X37541A\"}, {\"@Name\": \"LogonType\", \"#text\": \"3\"}, {\"@Name\": \"LogonProcessName\", \"#text\": \"Kerberos\"}, {\"@Name\": \"AuthenticationPackageName\", \"#text\": \"Kerberos\"}, {\"@Name\": \"WorkstationName\", \"#text\": \"-\"}, {\"@Name\": \"LogonGuid\", \"#text\": \"7c79c0aa-7ca6-41aa-9855-b780ae21ce38\"}, {\"@Name\": \"TransmittedServices\", \"#text\": \"-\"}, {\"@Name\": \"LmPackageName\", \"#text\": \"-\"}, {\"@Name\": \"KeyLength\", \"#text\": \"0\"}, {\"@Name\": \"ProcessId\", \"#text\": \"0x0\"}, {\"@Name\": \"ProcessName\", \"#text\": \"-\"}, {\"@Name\": \"IpAddress\", \"#text\": \"192.168.90.191\"}, {\"@Name\": \"IpPort\", \"#text\": \"47788\"}, {\"@Name\": \"ImpersonationLevel\", \"#text\": \"%%1833\"}, {\"@Name\": \"RestrictedAdminMode\", \"#text\": \"-\"}, {\"@Name\": \"TargetOutboundUserName\", \"#text\": \"-\"}, {\"@Name\": \"TargetOutboundDomainName\", \"#text\": \"-\"}, {\"@Name\": \"VirtualAccount\", \"#text\": \"%%1843\"}, {\"@Name\": \"TargetLinkedLogonId\", \"#text\": \"0x0\"}, {\"@Name\": \"ElevatedToken\", \"#text\": \"%%1842\"}]}}", "Channel": "Security", "Provider": "Microsoft-Windows-Security-Auditing", "EventId": 4624, "EventRecordId": "6297", "ProcessId": 665, "ThreadId": 4475, "Level": "LogAlways", "Keywords": "Audit success", "SourceFile": "C:\\Windows\\system32\\winevt\\Logs\\Security.evtx", "ExtraDataOffset": 0, "HiddenRecord": false, "TimeCreated": "2021-03-16T11:55:53.1312050+00:00", "RecordNumber": "6297"}
{"PayloadData1": "Target: OOPS.NET\\OOPS-WORKSTATION_5$", "PayloadData2": "LogonType 3", "PayloadData3": "LogonId: 0X375440", "UserName": "-\\-", "RemoteHost": "- (192.168.90.191)", "ExecutableInfo": "-", "MapDescription": "Successful logon", "ChunkNumber": 0, "Computer": "OOPS-DC.oops.net", "Payload": "{\"EventData\": {\"Data\": [{\"@Name\": \"SubjectUserSid\", \"#text\": \"S-1-0-0\"}, {\"@Name\": \"SubjectUserName\", \"#text\": \"-\"}, {\"@Name\": \"SubjectDomainName\", \"#text\": \"-\"}, {\"@Name\": \"SubjectLogonId\", \"#text\": \"0x0\"}, {\"@Name\": \"TargetUserSid\", \"#text\": \"S-1-5-21-4089973-192385561-2715576154-1178\"}, {\"@Name\": \"TargetUserName\", \"#text\": \"OOPS-WORKSTATION_5$\"}, {\"@Name\": \"TargetDomainName\", \"#text\": \"OOPS.NET\"}, {\"@Name\": \"TargetLogonId\", \"#text\": \"0X375440\"}, {\"@Name\": \"LogonType\", \"#text\": \"3\"}, {\"@Name\": \"LogonProcessName\", \"#text\": \"Kerberos\"}, {\"@Name\": \"AuthenticationPackageName\", \"#text\": \"Kerberos\"}, {\"@Name\": \"WorkstationName\", \"#text\": \"-\"}, {\"@Name\": \"LogonGuid\", \"#text\": \"ac58a0ad-177b-4c93-a961-915cfcaa6ff6\"}, {\"@Name\": \"TransmittedServices\", \"#text\": \"-\"}, {\"@Name\": \"LmPackageName\", \"#text\": \"-\"}, {\"@Name\": \"KeyLength\", \"#text\": \"0\"}, {\"@Name\": \"ProcessId\", \"#text\": \"0x0\"}, {\"@Name\": \"ProcessName\", \"#text\": \"-\"}, {\"@Name\": \"IpAddress\", \"#text\": \"192.168.90.191\"}, {\"@Name\": \"IpPort\", \"#text\": \"47789\"}, {\"@Name\": \"ImpersonationLevel\", \"#text\": \"%%1833\"}, {\"@Name\": \"RestrictedAdminMode\", \"#text\": \"-\"}, {\"@Name\": \"TargetOutboundUserName\", \"#text\": \"-\"}, {\"@Name\": \"TargetOutboundDomainName\", \"#text\": \"-\"}, {\"@Name\": \"VirtualAccount\", \"#text\": \"%%1843\"}, {\"@Name\": \"TargetLinkedLogonId\", \"#text\": \"0x0\"}, {\"@Name\": \"ElevatedToken\", \"#text\": \"%%1842\"}]}}", "Channel": "Security", "Provider": "Microsoft-Windows-Security-Auditing", "EventId": 4624, "EventRecordId": "6299", "ProcessId": 665, "ThreadId": 7142, "Level": "LogAlways", "Keywords": "Audit success", "SourceFile": "C:\\Windows\\system32\\winevt\\Logs\\Security.evtx", "ExtraDataOffset": 0, "HiddenRecord": false, "TimeCreated": "2021-03-16T11:55:53.1819897+00:00", "RecordNumber": "6299"}
{"PayloadData1": "Target: OOPS.NET\\OOPS-WORKSTATION_5$", "PayloadData2": "LogonType 3", "PayloadData3": "LogonId: 0X375455", "UserName": "-\\-", "RemoteHost": "- (192.168.90.191)", "ExecutableInfo": "-", "MapDescription": "Successful logon", "ChunkNumber": 0, "Computer": "OOPS-DC.oops.net", "Payload": "{\"EventData\": {\"Data\": [{\"@Name\": \"SubjectUserSid\", \"#text\": \"S-1-0-0\"}, {\"@Name\": \"SubjectUserName\", \"#text\": \"-\"}, {\"@Name\": \"SubjectDomainName\", \"#text\": \"-\"}, {\"@Name\": \"SubjectLogonId\", \"#text\": \"0x0\"}, {\"@Name\": \"TargetUserSid\", \"#text\": \"S-1-5-21-4089973-192385561-2715576154-1178\"}, {\"@Name\": \"TargetUserName\", \"#text\": \"OOPS-WORKSTATION_5$\"}, {\"@Name\": \"TargetDomainName\", \"#text\": \"OOPS.NET\"}, {\"@Name\": \"TargetLogonId\", \"#text\": \"0X375455\"}, {\"@Name\": \"LogonType\", \"#text\": \"3\"}, {\"@Name\": \"LogonProcessName\", \"#text\": \"Kerberos\"}, {\"@Name\": \"AuthenticationPackageName\", \"#text\": \"Kerberos\"}, {\"@Name\": \"WorkstationName\", \"#text\": \"-\"}, {\"@Name\": \"LogonGuid\", \"#text\": \"fc9e2abd-2f18-4abb-b0ce-76897a30838c\"}, {\"@Name\": \"TransmittedServices\", \"#text\": \"-\"}, {\"@Name\": \"LmPackageName\", \"#text\": \"-\"}, {\"@Name\": \"KeyLength\", \"#text\": \"0\"}, {\"@Name\": \"ProcessId\", \"#text\": \"0x0\"}, {\"@Name\": \"ProcessName\", \"#text\": \"-\"}, {\"@Name\": \"IpAddress\", \"#text\": \"192.168.90.191\"}, {\"@Name\": \"IpPort\", \"#text\": \"47790\"}, {\"@Name\": \"ImpersonationLevel\", \"#text\": \"%%1833\"}, {\"@Name\": \"RestrictedAdminMode\", \"#text\": \"-\"}, {\"@Name\": \"TargetOutboundUserName\", \"#text\": \"-\"}, {\"@Name\": \"TargetOutboundDomainName\", \"#text\": \"-\"}, {\"@Name\": \"VirtualAccount\", \"#text\": \"%%1843\"}, {\"@Name\": \"TargetLinkedLogonId\", \"#text\": \"0x0\"}, {\"@Name\": \"ElevatedToken\", \"#text\": \"%%1842\"}]}}", "Channel": "Security", "Provider": "Microsoft-Windows-Security-Auditing", "EventId": 4624, "EventRecordId": "6301", "ProcessId": 665, "ThreadId": 813, "Level": "LogAlways", "Keywords": "Audit success", "SourceFile": "C:\\Windows\\system32\\winevt\\Logs\\Security.evtx", "ExtraDataOffset": 0, "HiddenRecord": false, "TimeCreated": "2021-03-16T11:55:53.2380885+00:00", "RecordNumber": "6301"}
{"PayloadData1": "Target: OOPS\\OOPS-WORKSTATION_5$", "PayloadData2": "LogonType 3", "PayloadData3": "LogonId: 0X375455", "MapDescription": "An account was logged off", "ChunkNumber": 0, "Computer": "OOPS-DC.oops.net", "Payload": "{\"EventData\": {\"Data\": [{\"@Name\": \"TargetUserSid\", \"#text\": \"S-1-5-21-4089973-192385561-2715576154-1178\"}, {\"@Name\": \"TargetUserName\", \"#text\": \"OOPS-WORKSTATION_5$\"}, {\"@Name\": \"TargetDomainName\", \"#text\": \"OOPS\"}, {\"@Name\": \"TargetLogonId\", \"#text\": \"0X375455\"}, {\"@Name\": \"LogonType\", \"#text\": \"3\"}]}}", "Channel": "Security", "Provider": "Microsoft-Windows-Security-Auditing", "EventId": 4634, "EventRecordId": "6302", "ProcessId": 665, "ThreadId": 1760, "Level": "LogAlways", "Keywords": "Audit success", "SourceFile": "C:\\Windows\\system32\\winevt\\Logs\\Security.evtx", "ExtraDataOffset": 0, "HiddenRecord": false, "TimeCreated": "2021-03-16T11:55:53.2833182+00:00", "RecordNumber": "6302"}
{"PayloadData1": "Target: OOPS\\OOPS-WORKSTATION_5$", "PayloadData2": "LogonType 3", "PayloadData3": "LogonId: 0X375440", "MapDescription": "An account was logged off", "ChunkNumber": 0, "Computer": "OOPS-DC.oops.net", "Payload": "{\"EventData\": {\"Data\": [{\"@Name\": \"TargetUserSid\", \"#text\": \"S-1-5-21-4089973-192385561-2715576154-1178\"}, {\"@Name\": \"TargetUserName\", \"#text\": \"OOPS-WORKSTATION_5$\"}, {\"@Name\": \"TargetDomainName\", \"#text\": \"OOPS\"}, {\"@Name\": \"TargetLogonId\", \"#text\": \"0X375440\"}, {\"@Name\": \"LogonType\", \"#text\": \"3\"}]}}", "Channel": "Security", "Provider": "Microsoft-Windows-Security-Auditing", "EventId": 4634, "EventRecordId": "6307", "ProcessId": 665, "ThreadId": 7142, "Level": "LogAlways", "Keywords": "Audit success", "SourceFile": "C:\\Windows\\system32\\winevt\\Logs\\Security.evtx", "ExtraDataOffset": 0, "HiddenRecord": false, "TimeCreated": "2021-03-16T11:55:53.3601990+00:00", "RecordNumber": "6307"}
